2026-05-22 09:53:35,799 | INFO     | root:main:60 - Pipeline started. Results directory: C:\Users\Student\Documents\python\oct-project\experiments\run_2026-05-22_09-53-35
2026-05-22 09:53:35,801 | INFO     | root:main:63 - Device: NVIDIA GeForce RTX 3060
2026-05-22 09:53:35,801 | INFO     | root:main:65 - GPU Memory: 12.00 GB
2026-05-22 09:53:35,803 | INFO     | root:main:69 - --- TRAINING ---
2026-05-22 09:53:35,823 | INFO     | root:train_model:83 - Split: Train=56, Val=7, Test=7
2026-05-22 09:53:35,891 | INFO     | root:calculate_dynamic_weights:62 - Calculating dynamic class weights...
2026-05-22 09:55:35,917 | INFO     | root:train_model:100 - Dynamic weights: [0.00921245 1.03819163 1.54269683 1.40989909]
2026-05-22 09:55:36,024 | WARNING  | py.warnings:_showwarnmsg:109 - C:\Users\Student\Documents\python\oct-project\train.py:114: UserWarning: Argument(s) 'alpha_affine' are not valid for transform ElasticTransform
  A.ElasticTransform(alpha=1, sigma=50, alpha_affine=50, p=0.3),

2026-05-22 09:55:36,544 | WARNING  | huggingface_hub.utils._http:_warn_on_warning_headers:904 - Warning: You are sending unauthenticated requests to the HF Hub. Please set a HF_TOKEN to enable higher rate limits and faster downloads.
2026-05-22 09:55:38,756 | INFO     | root:train_model:163 - Starting training for 80 epochs...
2026-05-22 09:55:38,756 | INFO     | root:train_model:164 - Config: MODEL_NAME=nvidia/mit-b2, BATCH_SIZE=8, ACCUM_STEPS=4, LR=5e-05, DEVICE=cuda, AMP=True, Tversky=True, CLAHE=True
2026-05-22 10:04:29,280 | INFO     | root:train_model:256 - Epoch 1 | Loss: 0.4770 | mIoU: 0.0536 | Time: 530s
2026-05-22 10:04:29,415 | INFO     | root:train_model:261 - New best model saved! (mIoU: 0.0536)
2026-05-22 10:13:17,637 | INFO     | root:train_model:256 - Epoch 2 | Loss: 0.4363 | mIoU: 0.2365 | Time: 528s
2026-05-22 10:13:17,762 | INFO     | root:train_model:261 - New best model saved! (mIoU: 0.2365)
2026-05-22 10:22:04,502 | INFO     | root:train_model:256 - Epoch 3 | Loss: 0.3437 | mIoU: 0.3447 | Time: 526s
2026-05-22 10:22:04,629 | INFO     | root:train_model:261 - New best model saved! (mIoU: 0.3447)
2026-05-22 10:30:51,301 | INFO     | root:train_model:256 - Epoch 4 | Loss: 0.2747 | mIoU: 0.4349 | Time: 526s
2026-05-22 10:30:51,434 | INFO     | root:train_model:261 - New best model saved! (mIoU: 0.4349)
2026-05-22 10:39:39,048 | INFO     | root:train_model:256 - Epoch 5 | Loss: 0.2192 | mIoU: 0.5456 | Time: 527s
2026-05-22 10:39:39,171 | INFO     | root:train_model:261 - New best model saved! (mIoU: 0.5456)
2026-05-22 10:48:26,197 | INFO     | root:train_model:256 - Epoch 6 | Loss: 0.1888 | mIoU: 0.5825 | Time: 526s
2026-05-22 10:48:26,325 | INFO     | root:train_model:261 - New best model saved! (mIoU: 0.5825)
2026-05-22 10:57:14,727 | INFO     | root:train_model:256 - Epoch 7 | Loss: 0.1692 | mIoU: 0.6294 | Time: 528s
2026-05-22 10:57:14,852 | INFO     | root:train_model:261 - New best model saved! (mIoU: 0.6294)
2026-05-22 11:06:02,688 | INFO     | root:train_model:256 - Epoch 8 | Loss: 0.1597 | mIoU: 0.6575 | Time: 527s
2026-05-22 11:06:02,818 | INFO     | root:train_model:261 - New best model saved! (mIoU: 0.6575)
2026-05-22 11:14:50,823 | INFO     | root:train_model:256 - Epoch 9 | Loss: 0.1505 | mIoU: 0.6766 | Time: 527s
2026-05-22 11:14:50,947 | INFO     | root:train_model:261 - New best model saved! (mIoU: 0.6766)
2026-05-22 11:23:38,958 | INFO     | root:train_model:256 - Epoch 10 | Loss: 0.1419 | mIoU: 0.6984 | Time: 527s
2026-05-22 11:23:39,085 | INFO     | root:train_model:261 - New best model saved! (mIoU: 0.6984)
2026-05-22 11:32:26,646 | INFO     | root:train_model:256 - Epoch 11 | Loss: 0.1417 | mIoU: 0.6783 | Time: 527s
2026-05-22 11:41:15,025 | INFO     | root:train_model:256 - Epoch 12 | Loss: 0.1337 | mIoU: 0.6890 | Time: 528s
2026-05-22 11:50:01,240 | INFO     | root:train_model:256 - Epoch 13 | Loss: 0.1370 | mIoU: 0.6973 | Time: 526s
2026-05-22 11:58:48,111 | INFO     | root:train_model:256 - Epoch 14 | Loss: 0.1334 | mIoU: 0.7061 | Time: 526s
2026-05-22 11:58:48,235 | INFO     | root:train_model:261 - New best model saved! (mIoU: 0.7061)
2026-05-22 12:07:36,328 | INFO     | root:train_model:256 - Epoch 15 | Loss: 0.1307 | mIoU: 0.7091 | Time: 527s
2026-05-22 12:07:36,449 | INFO     | root:train_model:261 - New best model saved! (mIoU: 0.7091)
2026-05-22 12:16:22,994 | INFO     | root:train_model:256 - Epoch 16 | Loss: 0.1227 | mIoU: 0.7123 | Time: 526s
2026-05-22 12:16:23,122 | INFO     | root:train_model:261 - New best model saved! (mIoU: 0.7123)
2026-05-22 12:25:12,107 | INFO     | root:train_model:256 - Epoch 17 | Loss: 0.1242 | mIoU: 0.6951 | Time: 528s
2026-05-22 12:34:00,288 | INFO     | root:train_model:256 - Epoch 18 | Loss: 0.1250 | mIoU: 0.7309 | Time: 528s
2026-05-22 12:34:00,423 | INFO     | root:train_model:261 - New best model saved! (mIoU: 0.7309)
2026-05-22 12:42:49,192 | INFO     | root:train_model:256 - Epoch 19 | Loss: 0.1228 | mIoU: 0.7292 | Time: 528s
2026-05-22 12:51:38,386 | INFO     | root:train_model:256 - Epoch 20 | Loss: 0.1231 | mIoU: 0.7167 | Time: 529s
2026-05-22 13:00:27,652 | INFO     | root:train_model:256 - Epoch 21 | Loss: 0.1238 | mIoU: 0.7128 | Time: 529s
2026-05-22 13:09:15,804 | INFO     | root:train_model:256 - Epoch 22 | Loss: 0.1250 | mIoU: 0.7131 | Time: 527s
2026-05-22 13:18:03,112 | INFO     | root:train_model:256 - Epoch 23 | Loss: 0.1186 | mIoU: 0.7053 | Time: 527s
2026-05-22 13:26:50,202 | INFO     | root:train_model:256 - Epoch 24 | Loss: 0.1149 | mIoU: 0.7402 | Time: 526s
2026-05-22 13:26:50,335 | INFO     | root:train_model:261 - New best model saved! (mIoU: 0.7402)
2026-05-22 13:35:37,953 | INFO     | root:train_model:256 - Epoch 25 | Loss: 0.1177 | mIoU: 0.7339 | Time: 527s
2026-05-22 13:44:25,407 | INFO     | root:train_model:256 - Epoch 26 | Loss: 0.1235 | mIoU: 0.7497 | Time: 527s
2026-05-22 13:44:25,532 | INFO     | root:train_model:261 - New best model saved! (mIoU: 0.7497)
2026-05-22 13:53:13,275 | INFO     | root:train_model:256 - Epoch 27 | Loss: 0.1204 | mIoU: 0.7425 | Time: 527s
2026-05-22 14:02:00,628 | INFO     | root:train_model:256 - Epoch 28 | Loss: 0.1149 | mIoU: 0.7341 | Time: 527s
2026-05-22 14:10:47,681 | INFO     | root:train_model:256 - Epoch 29 | Loss: 0.1174 | mIoU: 0.7009 | Time: 526s
2026-05-22 14:19:35,710 | INFO     | root:train_model:256 - Epoch 30 | Loss: 0.1166 | mIoU: 0.7261 | Time: 527s
2026-05-22 14:28:22,733 | INFO     | root:train_model:256 - Epoch 31 | Loss: 0.1176 | mIoU: 0.7415 | Time: 526s
2026-05-22 14:37:09,587 | INFO     | root:train_model:256 - Epoch 32 | Loss: 0.1160 | mIoU: 0.7461 | Time: 526s
2026-05-22 14:46:39,480 | INFO     | root:train_model:256 - Epoch 33 | Loss: 0.1160 | mIoU: 0.7211 | Time: 569s
2026-05-22 14:55:25,373 | INFO     | root:train_model:256 - Epoch 34 | Loss: 0.1155 | mIoU: 0.7191 | Time: 525s
2026-05-22 15:04:13,367 | INFO     | root:train_model:256 - Epoch 35 | Loss: 0.1116 | mIoU: 0.7363 | Time: 527s
2026-05-22 15:13:01,857 | INFO     | root:train_model:256 - Epoch 36 | Loss: 0.1121 | mIoU: 0.7247 | Time: 528s
2026-05-22 15:13:01,857 | INFO     | root:train_model:266 - Early stopping triggered after 36 epochs!
2026-05-22 15:13:01,857 | INFO     | root:train_model:283 - Training complete. Total time: 5:17:23
2026-05-22 15:13:02,094 | INFO     | root:main:81 - --- EVALUATION ---
2026-05-22 15:13:02,111 | INFO     | root:evaluate_model:71 - Loaded test set from test_patients.txt
2026-05-22 15:13:03,624 | INFO     | root:evaluate_model:86 - Loaded weights from best_model.pth
2026-05-22 15:13:03,672 | INFO     | root:evaluate_model:101 - Scanning for best class-specific examples...
2026-05-22 15:13:18,738 | INFO     | root:evaluate_model:111 - Fixed vis indices: {1: 331, 2: 283, 3: 556}
2026-05-22 15:13:18,739 | INFO     | root:evaluate_model:116 - Evaluating on 85 batches...
2026-05-22 15:13:18,739 | INFO     | root:evaluate_model:117 - Config: MODEL_NAME=nvidia/mit-b2, USE_MULTIMODAL=True, DEVICE=cuda
2026-05-22 15:16:08,320 | INFO     | root:evaluate_model:267 - Saved visualization to C:\Users\Student\Documents\python\oct-project\experiments\run_2026-05-22_09-53-35\predictions.png
2026-05-22 15:16:09,489 | INFO     | root:evaluate_model:281 - Saved 5 worst failure cases to C:\Users\Student\Documents\python\oct-project\experiments\run_2026-05-22_09-53-35\failures
2026-05-22 15:16:09,538 | INFO     | root:main:84 - Final mIoU: 0.7409 | Final mDice: 0.8434
2026-05-22 15:16:09,538 | INFO     | root:main:85 - Final mHD95: 65.4477 | Final mASD: 21.2172
2026-05-22 15:16:09,538 | INFO     | root:main:96 - Class 1 (IRF) | IoU: 0.5853 | Dice: 0.7384 | HD95: 46.76
2026-05-22 15:16:09,538 | INFO     | root:main:97 -   Regions GT/Pred: 8.9/3.7 | BP: 0.0128 | Avg Area: 10266.6 px
2026-05-22 15:16:09,538 | INFO     | root:main:96 - Class 2 (SRF) | IoU: 0.7365 | Dice: 0.8482 | HD95: 75.35
2026-05-22 15:16:09,538 | INFO     | root:main:97 -   Regions GT/Pred: 1.3/1.5 | BP: 0.0209 | Avg Area: 16132.9 px
2026-05-22 15:16:09,538 | INFO     | root:main:96 - Class 3 (PED) | IoU: 0.6643 | Dice: 0.7983 | HD95: 74.23
2026-05-22 15:16:09,538 | INFO     | root:main:97 -   Regions GT/Pred: 1.3/1.6 | BP: 0.0047 | Avg Area: 23202.6 px
2026-05-22 15:16:09,617 | INFO     | root:main:104 - Pipeline finished.
