2026-06-18 17:04:07,135 | INFO     | root:main:104 - Pipeline started. Results directory: /home/bgieta/Documents/code/oct-project/experiments/run_2026-06-18_17-04-07
2026-06-18 17:04:07,135 | INFO     | root:main:110 - Removed stale weights at best_model.pth
2026-06-18 17:04:07,136 | INFO     | root:main:113 - Device: AMD Radeon RX 9070 XT
2026-06-18 17:04:07,136 | INFO     | root:main:115 - GPU Max Memory Capacity: 15.92 GB
2026-06-18 17:04:07,137 | INFO     | root:check_vram_diagnostics:68 - VRAM Status Diagnostic: 4.08 GB Free / 15.92 GB Total
2026-06-18 17:04:07,137 | INFO     | root:main:119 - --- PHASE 1: TRAINING ---
2026-06-18 17:04:07,140 | ERROR    | root:main:136 - CRITICAL ERROR during training:
2026-06-18 17:04:07,141 | ERROR    | root:main:137 - Traceback (most recent call last):
  File "/home/bgieta/Documents/code/oct-project/main.py", line 122, in main
    train_model(epochs=config.EPOCHS, save_path=best_model_name, output_dir=exp_dir)
    ~~~~~~~~~~~^^^^^^^^^^^^^^^^^^^^^^^^^^^^^^^^^^^^^^^^^^^^^^^^^^^^^^^^^^^^^^^^^^^^^
  File "/home/bgieta/Documents/code/oct-project/train.py", line 147, in train_model
    train_patients, val_patients, test_patients = get_stratified_splits(all_files)
                                                  ~~~~~~~~~~~~~~~~~~~~~^^^^^^^^^^^
  File "/home/bgieta/Documents/code/oct-project/utils.py", line 40, in get_stratified_splits
    raise ValueError("No valid patient files found matching the expected pattern {device}_{patient_id}_{slice_id}.png")
ValueError: No valid patient files found matching the expected pattern {device}_{patient_id}_{slice_id}.png

2026-06-18 17:04:07,141 | INFO     | root:main:140 - --- PHASE 2: EVALUATION ---
2026-06-18 17:04:07,141 | ERROR    | root:main:169 - Skipping Evaluation: Expected weights file 'best_model.pth' was not found.
2026-06-18 17:04:07,141 | INFO     | root:main:172 - --- PHASE 3: ATTENTION VISUALIZATION ---
2026-06-18 17:04:07,141 | ERROR    | root:main:181 - Skipping Attention Mapping: Expected weights file 'best_model.pth' was not found.
2026-06-18 17:04:07,141 | INFO     | root:archive_experiment_sources:76 - --- PHASE 4: DYNAMIC CODE ARCHIVING ---
2026-06-18 17:04:07,143 | INFO     | root:archive_experiment_sources:83 - Dynamic source code and configurations archiving complete.
2026-06-18 17:04:07,143 | INFO     | root:main:185 - Pipeline run fully finalized. All output saved to /home/bgieta/Documents/code/oct-project/experiments/run_2026-06-18_17-04-07
