2026-05-17 09:35:47,710 | INFO     | root:main:48 - Pipeline started. Results directory: C:\Users\Student\Documents\python\oct-project\experiments\run_2026-05-17_09-35-47
2026-05-17 09:35:47,712 | INFO     | root:main:51 - Device: NVIDIA GeForce RTX 3060
2026-05-17 09:35:47,712 | INFO     | root:main:53 - GPU Memory: 12.00 GB
2026-05-17 09:35:47,712 | INFO     | root:main:57 - --- TRAINING ---
2026-05-17 09:35:47,725 | INFO     | root:train_model:68 - Split: Train=56, Val=7, Test=7
2026-05-17 09:35:48,124 | WARNING  | huggingface_hub.utils._http:_warn_on_warning_headers:904 - Warning: You are sending unauthenticated requests to the HF Hub. Please set a HF_TOKEN to enable higher rate limits and faster downloads.
2026-05-17 09:35:49,900 | INFO     | root:train_model:117 - Starting training for 80 epochs...
2026-05-17 09:35:49,900 | INFO     | root:train_model:118 - Config: MODEL_NAME=nvidia/mit-b2, BATCH_SIZE=8, ACCUM_STEPS=4, LR=0.0001, DEVICE=cuda
2026-05-17 09:46:34,855 | INFO     | root:train_model:183 - Epoch 1 | Loss: 0.2789 | mIoU: 0.6906 | Time: 644s
2026-05-17 09:46:34,977 | INFO     | root:train_model:188 - New best model saved! (mIoU: 0.6906)
2026-05-17 09:57:18,760 | INFO     | root:train_model:183 - Epoch 2 | Loss: 0.1784 | mIoU: 0.7218 | Time: 643s
2026-05-17 09:57:18,871 | INFO     | root:train_model:188 - New best model saved! (mIoU: 0.7218)
2026-05-17 10:08:01,951 | INFO     | root:train_model:183 - Epoch 3 | Loss: 0.1613 | mIoU: 0.7412 | Time: 643s
2026-05-17 10:08:02,063 | INFO     | root:train_model:188 - New best model saved! (mIoU: 0.7412)
2026-05-17 10:18:45,569 | INFO     | root:train_model:183 - Epoch 4 | Loss: 0.1522 | mIoU: 0.7407 | Time: 643s
2026-05-17 10:29:32,137 | INFO     | root:train_model:183 - Epoch 5 | Loss: 0.1482 | mIoU: 0.7316 | Time: 646s
2026-05-17 10:40:15,774 | INFO     | root:train_model:183 - Epoch 6 | Loss: 0.1482 | mIoU: 0.7444 | Time: 643s
2026-05-17 10:40:15,900 | INFO     | root:train_model:188 - New best model saved! (mIoU: 0.7444)
2026-05-17 10:50:58,169 | INFO     | root:train_model:183 - Epoch 7 | Loss: 0.1445 | mIoU: 0.7862 | Time: 642s
2026-05-17 10:50:58,306 | INFO     | root:train_model:188 - New best model saved! (mIoU: 0.7862)
2026-05-17 11:01:43,365 | INFO     | root:train_model:183 - Epoch 8 | Loss: 0.1424 | mIoU: 0.7597 | Time: 645s
2026-05-17 11:12:26,949 | INFO     | root:train_model:183 - Epoch 9 | Loss: 0.1400 | mIoU: 0.7647 | Time: 643s
2026-05-17 11:23:10,065 | INFO     | root:train_model:183 - Epoch 10 | Loss: 0.1399 | mIoU: 0.7464 | Time: 643s
2026-05-17 11:33:54,647 | INFO     | root:train_model:183 - Epoch 11 | Loss: 0.1423 | mIoU: 0.7593 | Time: 644s
2026-05-17 11:44:37,949 | INFO     | root:train_model:183 - Epoch 12 | Loss: 0.1366 | mIoU: 0.7582 | Time: 643s
2026-05-17 11:56:39,602 | INFO     | root:train_model:183 - Epoch 13 | Loss: 0.1376 | mIoU: 0.7745 | Time: 721s
2026-05-17 12:07:23,122 | INFO     | root:train_model:183 - Epoch 14 | Loss: 0.1376 | mIoU: 0.7769 | Time: 643s
2026-05-17 12:18:05,579 | INFO     | root:train_model:183 - Epoch 15 | Loss: 0.1345 | mIoU: 0.7732 | Time: 642s
2026-05-17 12:28:48,711 | INFO     | root:train_model:183 - Epoch 16 | Loss: 0.1364 | mIoU: 0.7516 | Time: 643s
2026-05-17 12:39:31,104 | INFO     | root:train_model:183 - Epoch 17 | Loss: 0.1337 | mIoU: 0.7697 | Time: 642s
2026-05-17 12:50:14,890 | INFO     | root:train_model:183 - Epoch 18 | Loss: 0.1334 | mIoU: 0.7751 | Time: 643s
2026-05-17 13:00:58,702 | INFO     | root:train_model:183 - Epoch 19 | Loss: 0.1330 | mIoU: 0.7651 | Time: 643s
2026-05-17 13:11:42,674 | INFO     | root:train_model:183 - Epoch 20 | Loss: 0.1352 | mIoU: 0.7776 | Time: 643s
2026-05-17 13:22:25,684 | INFO     | root:train_model:183 - Epoch 21 | Loss: 0.1323 | mIoU: 0.7727 | Time: 643s
2026-05-17 13:33:08,462 | INFO     | root:train_model:183 - Epoch 22 | Loss: 0.1280 | mIoU: 0.7569 | Time: 642s
2026-05-17 13:43:51,875 | INFO     | root:train_model:183 - Epoch 23 | Loss: 0.1329 | mIoU: 0.7509 | Time: 643s
2026-05-17 13:54:36,859 | INFO     | root:train_model:183 - Epoch 24 | Loss: 0.1314 | mIoU: 0.3877 | Time: 644s
2026-05-17 14:05:20,067 | INFO     | root:train_model:183 - Epoch 25 | Loss: 0.1352 | mIoU: 0.2430 | Time: 643s
2026-05-17 14:16:03,465 | INFO     | root:train_model:183 - Epoch 26 | Loss: 0.1329 | mIoU: 0.2409 | Time: 643s
2026-05-17 14:26:46,661 | INFO     | root:train_model:183 - Epoch 27 | Loss: 0.1338 | mIoU: 0.2409 | Time: 643s
2026-05-17 14:37:29,456 | INFO     | root:train_model:183 - Epoch 28 | Loss: 0.1377 | mIoU: 0.2409 | Time: 642s
2026-05-17 14:48:13,256 | INFO     | root:train_model:183 - Epoch 29 | Loss: 0.1361 | mIoU: 0.2409 | Time: 643s
2026-05-17 14:58:56,857 | INFO     | root:train_model:183 - Epoch 30 | Loss: 0.1414 | mIoU: 0.2409 | Time: 643s
2026-05-17 15:09:40,843 | INFO     | root:train_model:183 - Epoch 31 | Loss: 0.1348 | mIoU: 0.2409 | Time: 643s
2026-05-17 15:20:23,051 | INFO     | root:train_model:183 - Epoch 32 | Loss: 0.1365 | mIoU: 0.2409 | Time: 642s
2026-05-17 15:31:05,256 | INFO     | root:train_model:183 - Epoch 33 | Loss: 0.1372 | mIoU: 0.2409 | Time: 642s
2026-05-17 15:41:48,438 | INFO     | root:train_model:183 - Epoch 34 | Loss: 0.1323 | mIoU: 0.2409 | Time: 643s
2026-05-17 15:52:31,263 | INFO     | root:train_model:183 - Epoch 35 | Loss: 0.1343 | mIoU: 0.2409 | Time: 642s
2026-05-17 16:03:14,042 | INFO     | root:train_model:183 - Epoch 36 | Loss: 0.1311 | mIoU: 0.2409 | Time: 642s
2026-05-17 16:13:56,659 | INFO     | root:train_model:183 - Epoch 37 | Loss: 0.1283 | mIoU: 0.2409 | Time: 642s
2026-05-17 16:24:39,666 | INFO     | root:train_model:183 - Epoch 38 | Loss: 0.1255 | mIoU: 0.2409 | Time: 643s
2026-05-17 16:35:23,052 | INFO     | root:train_model:183 - Epoch 39 | Loss: 0.1301 | mIoU: 0.2409 | Time: 643s
2026-05-17 16:46:05,662 | INFO     | root:train_model:183 - Epoch 40 | Loss: 0.1296 | mIoU: 0.2409 | Time: 642s
2026-05-17 16:56:48,055 | INFO     | root:train_model:183 - Epoch 41 | Loss: 0.1248 | mIoU: 0.2409 | Time: 642s
2026-05-17 17:07:33,057 | INFO     | root:train_model:183 - Epoch 42 | Loss: 0.1282 | mIoU: 0.2409 | Time: 645s
2026-05-17 17:18:14,857 | INFO     | root:train_model:183 - Epoch 43 | Loss: 0.1247 | mIoU: 0.2409 | Time: 641s
2026-05-17 17:28:57,066 | INFO     | root:train_model:183 - Epoch 44 | Loss: 0.1257 | mIoU: 0.2409 | Time: 642s
2026-05-17 17:39:40,663 | INFO     | root:train_model:183 - Epoch 45 | Loss: 0.1231 | mIoU: 0.2409 | Time: 643s
2026-05-17 17:50:23,488 | INFO     | root:train_model:183 - Epoch 46 | Loss: 0.1282 | mIoU: 0.2409 | Time: 642s
2026-05-17 18:01:12,055 | INFO     | root:train_model:183 - Epoch 47 | Loss: 0.1266 | mIoU: 0.2409 | Time: 648s
2026-05-17 18:11:54,657 | INFO     | root:train_model:183 - Epoch 48 | Loss: 0.1288 | mIoU: 0.2409 | Time: 642s
2026-05-17 18:22:36,869 | INFO     | root:train_model:183 - Epoch 49 | Loss: 0.1214 | mIoU: 0.2409 | Time: 642s
2026-05-17 18:33:20,641 | INFO     | root:train_model:183 - Epoch 50 | Loss: 0.1272 | mIoU: 0.2409 | Time: 643s
2026-05-17 18:44:02,260 | INFO     | root:train_model:183 - Epoch 51 | Loss: 0.1241 | mIoU: 0.2409 | Time: 641s
2026-05-17 18:54:45,649 | INFO     | root:train_model:183 - Epoch 52 | Loss: 0.1240 | mIoU: 0.2409 | Time: 643s
2026-05-17 19:05:28,638 | INFO     | root:train_model:183 - Epoch 53 | Loss: 0.1237 | mIoU: 0.2409 | Time: 642s
2026-05-17 19:16:11,047 | INFO     | root:train_model:183 - Epoch 54 | Loss: 0.1217 | mIoU: 0.2409 | Time: 642s
2026-05-17 19:26:53,649 | INFO     | root:train_model:183 - Epoch 55 | Loss: 0.1181 | mIoU: 0.2409 | Time: 642s
2026-05-17 19:37:37,048 | INFO     | root:train_model:183 - Epoch 56 | Loss: 0.1215 | mIoU: 0.2409 | Time: 643s
2026-05-17 19:48:19,865 | INFO     | root:train_model:183 - Epoch 57 | Loss: 0.1202 | mIoU: 0.2409 | Time: 642s
2026-05-17 19:59:43,465 | INFO     | root:train_model:183 - Epoch 58 | Loss: 0.1242 | mIoU: 0.2409 | Time: 683s
2026-05-17 20:10:26,037 | INFO     | root:train_model:183 - Epoch 59 | Loss: 0.1172 | mIoU: 0.2409 | Time: 642s
2026-05-17 20:21:08,408 | INFO     | root:train_model:183 - Epoch 60 | Loss: 0.1198 | mIoU: 0.2409 | Time: 642s
2026-05-17 20:31:51,184 | INFO     | root:train_model:183 - Epoch 61 | Loss: 0.1149 | mIoU: 0.2409 | Time: 642s
2026-05-17 20:42:35,387 | INFO     | root:train_model:183 - Epoch 62 | Loss: 0.1181 | mIoU: 0.2409 | Time: 644s
2026-05-17 20:53:19,546 | INFO     | root:train_model:183 - Epoch 63 | Loss: 0.1174 | mIoU: 0.2411 | Time: 644s
2026-05-17 21:04:02,766 | INFO     | root:train_model:183 - Epoch 64 | Loss: 0.1203 | mIoU: 0.2485 | Time: 643s
2026-05-17 21:14:45,334 | INFO     | root:train_model:183 - Epoch 65 | Loss: 0.1167 | mIoU: 0.2664 | Time: 642s
2026-05-17 21:25:28,287 | INFO     | root:train_model:183 - Epoch 66 | Loss: 0.1177 | mIoU: 0.3094 | Time: 642s
2026-05-17 21:36:10,323 | INFO     | root:train_model:183 - Epoch 67 | Loss: 0.1144 | mIoU: 0.3314 | Time: 642s
2026-05-17 21:46:54,089 | INFO     | root:train_model:183 - Epoch 68 | Loss: 0.1218 | mIoU: 0.5381 | Time: 643s
2026-05-17 21:57:36,306 | INFO     | root:train_model:183 - Epoch 69 | Loss: 0.1194 | mIoU: 0.6617 | Time: 642s
2026-05-17 22:08:18,325 | INFO     | root:train_model:183 - Epoch 70 | Loss: 0.1205 | mIoU: 0.7079 | Time: 642s
2026-05-17 22:19:01,112 | INFO     | root:train_model:183 - Epoch 71 | Loss: 0.1194 | mIoU: 0.7368 | Time: 642s
2026-05-17 22:29:44,515 | INFO     | root:train_model:183 - Epoch 72 | Loss: 0.1144 | mIoU: 0.7556 | Time: 643s
2026-05-17 22:40:28,699 | INFO     | root:train_model:183 - Epoch 73 | Loss: 0.1147 | mIoU: 0.7613 | Time: 644s
2026-05-17 22:51:12,488 | INFO     | root:train_model:183 - Epoch 74 | Loss: 0.1190 | mIoU: 0.7660 | Time: 643s
2026-05-17 23:01:55,715 | INFO     | root:train_model:183 - Epoch 75 | Loss: 0.1133 | mIoU: 0.7664 | Time: 643s
2026-05-17 23:12:39,489 | INFO     | root:train_model:183 - Epoch 76 | Loss: 0.1179 | mIoU: 0.7689 | Time: 643s
2026-05-17 23:23:22,479 | INFO     | root:train_model:183 - Epoch 77 | Loss: 0.1180 | mIoU: 0.7691 | Time: 642s
2026-05-17 23:34:05,302 | INFO     | root:train_model:183 - Epoch 78 | Loss: 0.1154 | mIoU: 0.7701 | Time: 642s
2026-05-17 23:44:48,290 | INFO     | root:train_model:183 - Epoch 79 | Loss: 0.1176 | mIoU: 0.7685 | Time: 642s
2026-05-17 23:55:31,279 | INFO     | root:train_model:183 - Epoch 80 | Loss: 0.1172 | mIoU: 0.7675 | Time: 642s
2026-05-17 23:55:31,626 | INFO     | root:train_model:198 - Training complete. Total time: 14:19:41
2026-05-17 23:55:31,832 | INFO     | root:main:69 - --- EVALUATION ---
2026-05-17 23:55:31,848 | INFO     | root:evaluate_model:41 - Loaded test set from test_patients.txt
2026-05-17 23:55:33,726 | INFO     | root:evaluate_model:56 - Loaded weights from best_model.pth
2026-05-17 23:55:33,773 | INFO     | root:evaluate_model:71 - Scanning for best class-specific examples...
2026-05-17 23:55:47,824 | INFO     | root:evaluate_model:81 - Fixed vis indices: {1: 331, 2: 283, 3: 556}
2026-05-17 23:55:47,935 | INFO     | root:evaluate_model:86 - Evaluating on 674 images...
2026-05-17 23:55:47,935 | INFO     | root:evaluate_model:87 - Config: MODEL_NAME=nvidia/mit-b2, USE_MULTIMODAL=True, DEVICE=cuda
2026-05-17 23:57:03,365 | INFO     | root:evaluate_model:134 - Saved visualization to C:\Users\Student\Documents\python\oct-project\experiments\run_2026-05-17_09-35-47\predictions.png
2026-05-17 23:57:03,368 | INFO     | root:main:72 - Final mIoU: 0.7125 | Final mDice: 0.8220
2026-05-17 23:57:03,368 | INFO     | root:main:73 - Final mHD95: 71.8248 | Final mASD: 21.1486
2026-05-17 23:57:03,368 | INFO     | root:main:80 - Class 1 (IRF) | IoU: 0.6085 | Dice: 0.7566 | HD95: 49.30
2026-05-17 23:57:03,368 | INFO     | root:main:80 - Class 2 (SRF) | IoU: 0.7181 | Dice: 0.8359 | HD95: 87.43
2026-05-17 23:57:03,368 | INFO     | root:main:80 - Class 3 (PED) | IoU: 0.5469 | Dice: 0.7071 | HD95: 78.74
2026-05-17 23:57:03,532 | INFO     | root:main:87 - Pipeline finished.
